<?xml version="1.0" encoding="UTF-8"?>
<!-- Generated by org.testng.reporters.JUnitXMLReporter -->
<testsuite ignored="0" hostname="CDWILT004" failures="0" tests="7" name="Default test" time="21.139" errors="0" timestamp="2022-07-29T15:49:06 SGT">
  <testcase classname="frontend.OfflineDeposit" name="open_Website" time="0.79"/>
  <testcase classname="frontend.OfflineDeposit" name="close_Announcement" time="0.001"/>
  <testcase classname="frontend.OfflineDeposit" name="click_Login_Option" time="1.107"/>
  <testcase classname="frontend.OfflineDeposit" name="login_Pop_Up_Fill_In_Details" time="1.96"/>
  <testcase classname="frontend.OfflineDeposit" name="click_Login_Button" time="1.081"/>
  <testcase classname="frontend.OfflineDeposit" name="verify_Login" time="3.514"/>
  <testcase classname="frontend.OfflineDeposit" name="click_Deposit_Option" time="7.032"/>
</testsuite> <!-- Default test -->
