<?xml version="1.0" encoding="UTF-8"?>
<!-- Generated by org.testng.reporters.JUnitXMLReporter -->
<testsuite ignored="0" hostname="CDWILT004" failures="0" tests="6" name="Default test" time="13.859" errors="0" timestamp="2022-07-28T18:13:20 SGT">
  <testcase classname="frontend.Login" name="openWebsite" time="0.789"/>
  <testcase classname="frontend.Login" name="closeAnnouncement" time="0.001"/>
  <testcase classname="frontend.Login" name="clickLoginOption" time="0.86"/>
  <testcase classname="frontend.Login" name="loginPopUpFillInDetails" time="1.913"/>
  <testcase classname="frontend.Login" name="clickLoginButton" time="1.092"/>
  <testcase classname="frontend.Login" name="verifyLogin" time="0.003"/>
</testsuite> <!-- Default test -->
