<?xml version="1.0" encoding="UTF-8"?>
<!-- Generated by org.testng.reporters.JUnitXMLReporter -->
<testsuite ignored="0" hostname="CDWILT004" failures="0" tests="12" name="BO test" time="39.188" errors="0" timestamp="2022-07-29T14:55:37 SGT">
  <testcase classname="backend.LoginBO" name="open_Website_BO" time="0.762"/>
  <testcase classname="backend.LoginBO" name="login_Fill_In_Details_BO" time="2.885"/>
  <testcase classname="backend.LoginBO" name="verify_Login_BO" time="3.17"/>
  <testcase classname="backend.LogoutBO" name="open_Website_BO" time="0.773"/>
  <testcase classname="backend.LogoutBO" name="login_Fill_In_Details_BO" time="2.881"/>
  <testcase classname="backend.LogoutBO" name="verify_Login_BO" time="3.089"/>
  <testcase classname="backend.LogoutBO" name="click_Logout_Button_BO" time="3.073"/>
  <testcase classname="backend.SelectMemberBO" name="open_Website_BO" time="0.763"/>
  <testcase classname="backend.SelectMemberBO" name="login_Fill_In_Details_BO" time="2.869"/>
  <testcase classname="backend.SelectMemberBO" name="select_Member_Module_BO" time="2.237"/>
  <testcase classname="backend.SelectMemberBO" name="select_Filtered_Member" time="3.252"/>
  <testcase classname="backend.SelectMemberBO" name="select_Member" time="3.077"/>
</testsuite> <!-- BO test -->
