<?xml version="1.0" encoding="UTF-8"?>
<!-- Generated by org.testng.reporters.JUnitXMLReporter -->
<testsuite ignored="0" hostname="CDWILT004" failures="0" tests="18" name="FE test" time="47.876" errors="0" timestamp="2022-07-29T14:54:58 SGT">
  <testcase classname="frontend.Login" name="open_Website" time="0.79"/>
  <testcase classname="frontend.Login" name="close_Announcement" time="0.0"/>
  <testcase classname="frontend.Login" name="click_Login_Option" time="1.11"/>
  <testcase classname="frontend.Login" name="login_Pop_Up_Fill_In_Details" time="1.924"/>
  <testcase classname="frontend.Login" name="click_Login_Button" time="1.074"/>
  <testcase classname="frontend.Login" name="verify_Login" time="4.097"/>
  <testcase classname="frontend.Logout" name="open_Website" time="0.762"/>
  <testcase classname="frontend.Logout" name="close_Announcement" time="0.001"/>
  <testcase classname="frontend.Logout" name="click_Login_Option" time="1.084"/>
  <testcase classname="frontend.Logout" name="login_Pop_Up_Fill_In_Details" time="1.909"/>
  <testcase classname="frontend.Logout" name="click_Login_Button" time="1.085"/>
  <testcase classname="frontend.Logout" name="verify_Login" time="3.538"/>
  <testcase classname="frontend.Logout" name="click_Logout_Button" time="3.076"/>
  <testcase classname="frontend.Register" name="open_Website" time="0.766"/>
  <testcase classname="frontend.Register" name="close_Announcement" time="0.0"/>
  <testcase classname="frontend.Register" name="click_Register_Option" time="1.087"/>
  <testcase classname="frontend.Register" name="register_Fill_In_Details" time="8.472"/>
  <testcase classname="frontend.Register" name="verify_Register" time="4.033"/>
</testsuite> <!-- FE test -->
