<?xml version="1.0" encoding="UTF-8"?>
<testng-results ignored="0" total="4" passed="4" failed="0" skipped="0">
  <reporter-output>
  </reporter-output>
  <suite started-at="2022-07-29T10:54:46 SGT" name="Default suite" finished-at="2022-07-29T10:54:59 SGT" duration-ms="13205">
    <groups>
    </groups>
    <test started-at="2022-07-29T10:54:46 SGT" name="Default test" finished-at="2022-07-29T10:54:59 SGT" duration-ms="13205">
      <class name="backend.LogoutBO">
        <test-method is-config="true" signature="setProperty()[pri:0, instance:backend.LogoutBO@64d7b720]" started-at="2022-07-29T10:54:46 SGT" name="setProperty" finished-at="2022-07-29T10:54:49 SGT" duration-ms="3223" status="PASS">
          <reporter-output>
          </reporter-output>
        </test-method> <!-- setProperty -->
        <test-method signature="openWebsiteBO()[pri:0, instance:backend.LogoutBO@64d7b720]" started-at="2022-07-29T10:54:49 SGT" name="openWebsiteBO" finished-at="2022-07-29T10:54:50 SGT" duration-ms="797" status="PASS">
          <reporter-output>
          </reporter-output>
        </test-method> <!-- openWebsiteBO -->
        <test-method is-config="true" signature="logCaseStatus(org.testng.ITestResult)[pri:0, instance:backend.LogoutBO@64d7b720]" started-at="2022-07-29T10:54:50 SGT" name="logCaseStatus" finished-at="2022-07-29T10:54:50 SGT" duration-ms="2" status="PASS">
          <params>
            <param index="0">
              <value>
                <![CDATA[[TestResult name=openWebsiteBO status=SUCCESS method=LogoutBO.openWebsiteBO()[pri:0, instance:backend.LogoutBO@64d7b720] output={null}]]]>
              </value>
            </param>
          </params>
          <reporter-output>
          </reporter-output>
        </test-method> <!-- logCaseStatus -->
        <test-method signature="loginFillInDetailsBO()[pri:1, instance:backend.LogoutBO@64d7b720]" started-at="2022-07-29T10:54:50 SGT" name="loginFillInDetailsBO" finished-at="2022-07-29T10:54:53 SGT" depends-on-methods="backend.LogoutBO.openWebsiteBO" duration-ms="2926" status="PASS">
          <reporter-output>
          </reporter-output>
        </test-method> <!-- loginFillInDetailsBO -->
        <test-method is-config="true" signature="logCaseStatus(org.testng.ITestResult)[pri:0, instance:backend.LogoutBO@64d7b720]" started-at="2022-07-29T10:54:53 SGT" name="logCaseStatus" finished-at="2022-07-29T10:54:53 SGT" duration-ms="1" status="PASS">
          <params>
            <param index="0">
              <value>
                <![CDATA[[TestResult name=loginFillInDetailsBO status=SUCCESS method=LogoutBO.loginFillInDetailsBO()[pri:1, instance:backend.LogoutBO@64d7b720] output={null}]]]>
              </value>
            </param>
          </params>
          <reporter-output>
          </reporter-output>
        </test-method> <!-- logCaseStatus -->
        <test-method signature="verifyLoginBO()[pri:2, instance:backend.LogoutBO@64d7b720]" started-at="2022-07-29T10:54:53 SGT" name="verifyLoginBO" finished-at="2022-07-29T10:54:54 SGT" depends-on-methods="backend.LogoutBO.loginFillInDetailsBO" duration-ms="1159" status="PASS">
          <reporter-output>
          </reporter-output>
        </test-method> <!-- verifyLoginBO -->
        <test-method signature="clickLogoutButtonBO()[pri:3, instance:backend.LogoutBO@64d7b720]" started-at="2022-07-29T10:54:54 SGT" name="clickLogoutButtonBO" finished-at="2022-07-29T10:54:55 SGT" depends-on-methods="backend.LogoutBO.verifyLoginBO" duration-ms="1087" status="PASS">
          <reporter-output>
          </reporter-output>
        </test-method> <!-- clickLogoutButtonBO -->
        <test-method is-config="true" signature="logCaseStatus(org.testng.ITestResult)[pri:0, instance:backend.LogoutBO@64d7b720]" started-at="2022-07-29T10:54:54 SGT" name="logCaseStatus" finished-at="2022-07-29T10:54:54 SGT" duration-ms="0" status="PASS">
          <params>
            <param index="0">
              <value>
                <![CDATA[[TestResult name=verifyLoginBO status=SUCCESS method=LogoutBO.verifyLoginBO()[pri:2, instance:backend.LogoutBO@64d7b720] output={null}]]]>
              </value>
            </param>
          </params>
          <reporter-output>
          </reporter-output>
        </test-method> <!-- logCaseStatus -->
        <test-method is-config="true" signature="logCaseStatus(org.testng.ITestResult)[pri:0, instance:backend.LogoutBO@64d7b720]" started-at="2022-07-29T10:54:55 SGT" name="logCaseStatus" finished-at="2022-07-29T10:54:55 SGT" duration-ms="0" status="PASS">
          <params>
            <param index="0">
              <value>
                <![CDATA[[TestResult name=clickLogoutButtonBO status=SUCCESS method=LogoutBO.clickLogoutButtonBO()[pri:3, instance:backend.LogoutBO@64d7b720] output={null}]]]>
              </value>
            </param>
          </params>
          <reporter-output>
          </reporter-output>
        </test-method> <!-- logCaseStatus -->
        <test-method is-config="true" signature="endTest()[pri:0, instance:backend.LogoutBO@64d7b720]" started-at="2022-07-29T10:54:55 SGT" name="endTest" finished-at="2022-07-29T10:54:59 SGT" duration-ms="3951" status="PASS">
          <reporter-output>
          </reporter-output>
        </test-method> <!-- endTest -->
      </class> <!-- backend.LogoutBO -->
    </test> <!-- Default test -->
  </suite> <!-- Default suite -->
</testng-results>
